# JRE version: OpenJDK Runtime Environment (8.0_112-b06) (build 1.8.0_112-release-b06)
# Java VM: OpenJDK 64-Bit Server VM (25.112-b06 mixed mode linux-amd64 compressed oops)
Heap:
 PSYoungGen      total 265216K, used 32237K [0x00000000e0000000, 0x00000000f2980000, 0x0000000100000000)
  eden space 232960K, 0% used [0x00000000e0000000,0x00000000e0000000,0x00000000ee380000)
  from space 32256K, 99% used [0x00000000ee380000,0x00000000f02fb408,0x00000000f0300000)
  to   space 28672K, 0% used [0x00000000f0300000,0x00000000f0300000,0x00000000f1f00000)
 ParOldGen       total 105472K, used 63743K [0x00000000a0000000, 0x00000000a6700000, 0x00000000e0000000)
  object space 105472K, 60% used [0x00000000a0000000,0x00000000a3e3fef8,0x00000000a6700000)
 Metaspace       used 81905K, capacity 84706K, committed 85248K, reserved 1124352K
  class space    used 10132K, capacity 10688K, committed 10752K, reserved 1048576K
GC Heap History (10 events):
Event: 54.827 GC heap after
Heap after GC invocations=17 (full 3):
 PSYoungGen      total 190976K, used 5294K [0x00000000e0000000, 0x00000000ed980000, 0x0000000100000000)
  eden space 178688K, 0% used [0x00000000e0000000,0x00000000e0000000,0x00000000eae80000)
  from space 12288K, 43% used [0x00000000ecd80000,0x00000000ed2ab9c0,0x00000000ed980000)
  to   space 22016K, 0% used [0x00000000eae80000,0x00000000eae80000,0x00000000ec400000)
 ParOldGen       total 105472K, used 44639K [0x00000000a0000000, 0x00000000a6700000, 0x00000000e0000000)
  object space 105472K, 42% used [0x00000000a0000000,0x00000000a2b97d88,0x00000000a6700000)
 Metaspace       used 60324K, capacity 62888K, committed 62976K, reserved 1103872K
  class space    used 8104K, capacity 8635K, committed 8704K, reserved 1048576K
}
Event: 64.182 GC heap before
{Heap before GC invocations=18 (full 3):
 PSYoungGen      total 190976K, used 183982K [0x00000000e0000000, 0x00000000ed980000, 0x0000000100000000)
  eden space 178688K, 100% used [0x00000000e0000000,0x00000000eae80000,0x00000000eae80000)
  from space 12288K, 43% used [0x00000000ecd80000,0x00000000ed2ab9c0,0x00000000ed980000)
  to   space 22016K, 0% used [0x00000000eae80000,0x00000000eae80000,0x00000000ec400000)
 ParOldGen       total 105472K, used 44639K [0x00000000a0000000, 0x00000000a6700000, 0x00000000e0000000)
  object space 105472K, 42% used [0x00000000a0000000,0x00000000a2b97d88,0x00000000a6700000)
 Metaspace       used 64356K, capacity 67014K, committed 67328K, reserved 1107968K
  class space    used 8603K, capacity 9154K, committed 9216K, reserved 1048576K
Event: 64.197 GC heap after
Heap after GC invocations=18 (full 3):
 PSYoungGen      total 200704K, used 10320K [0x00000000e0000000, 0x00000000ef880000, 0x0000000100000000)
  eden space 178688K, 0% used [0x00000000e0000000,0x00000000e0000000,0x00000000eae80000)
  from space 22016K, 46% used [0x00000000eae80000,0x00000000eb894030,0x00000000ec400000)
  to   space 20992K, 0% used [0x00000000ee400000,0x00000000ee400000,0x00000000ef880000)
 ParOldGen       total 105472K, used 44647K [0x00000000a0000000, 0x00000000a6700000, 0x00000000e0000000)
  object space 105472K, 42% used [0x00000000a0000000,0x00000000a2b99d88,0x00000000a6700000)
 Metaspace       used 64356K, capacity 67014K, committed 67328K, reserved 1107968K
  class space    used 8603K, capacity 9154K, committed 9216K, reserved 1048576K
}
Event: 70.054 GC heap before
{Heap before GC invocations=19 (full 3):
 PSYoungGen      total 200704K, used 189008K [0x00000000e0000000, 0x00000000ef880000, 0x0000000100000000)
  eden space 178688K, 100% used [0x00000000e0000000,0x00000000eae80000,0x00000000eae80000)
  from space 22016K, 46% used [0x00000000eae80000,0x00000000eb894030,0x00000000ec400000)
  to   space 20992K, 0% used [0x00000000ee400000,0x00000000ee400000,0x00000000ef880000)
 ParOldGen       total 105472K, used 44647K [0x00000000a0000000, 0x00000000a6700000, 0x00000000e0000000)
  object space 105472K, 42% used [0x00000000a0000000,0x00000000a2b99d88,0x00000000a6700000)
 Metaspace       used 71756K, capacity 74426K, committed 74880K, reserved 1114112K
  class space    used 9202K, capacity 9770K, committed 9856K, reserved 1048576K
Event: 70.092 GC heap after
Heap after GC invocations=19 (full 3):
 PSYoungGen      total 230400K, used 20173K [0x00000000e0000000, 0x00000000efd80000, 0x0000000100000000)
  eden space 209408K, 0% used [0x00000000e0000000,0x00000000e0000000,0x00000000ecc80000)
  from space 20992K, 96% used [0x00000000ee400000,0x00000000ef7b3788,0x00000000ef880000)
  to   space 24064K, 0% used [0x00000000ecc80000,0x00000000ecc80000,0x00000000ee400000)
 ParOldGen       total 105472K, used 44663K [0x00000000a0000000, 0x00000000a6700000, 0x00000000e0000000)
  object space 105472K, 42% used [0x00000000a0000000,0x00000000a2b9dd88,0x00000000a6700000)
 Metaspace       used 71756K, capacity 74426K, committed 74880K, reserved 1114112K
  class space    used 9202K, capacity 9770K, committed 9856K, reserved 1048576K
}
Event: 73.906 GC heap before
{Heap before GC invocations=20 (full 3):
 PSYoungGen      total 230400K, used 229581K [0x00000000e0000000, 0x00000000efd80000, 0x0000000100000000)
  eden space 209408K, 100% used [0x00000000e0000000,0x00000000ecc80000,0x00000000ecc80000)
  from space 20992K, 96% used [0x00000000ee400000,0x00000000ef7b3788,0x00000000ef880000)
  to   space 24064K, 0% used [0x00000000ecc80000,0x00000000ecc80000,0x00000000ee400000)
 ParOldGen       total 105472K, used 44663K [0x00000000a0000000, 0x00000000a6700000, 0x00000000e0000000)
  object space 105472K, 42% used [0x00000000a0000000,0x00000000a2b9dd88,0x00000000a6700000)
 Metaspace       used 78206K, capacity 80874K, committed 81280K, reserved 1120256K
  class space    used 9806K, capacity 10356K, committed 10368K, reserved 1048576K
Event: 73.947 GC heap after
Heap after GC invocations=20 (full 3):
 PSYoungGen      total 233472K, used 24048K [0x00000000e0000000, 0x00000000f1f00000, 0x0000000100000000)
  eden space 209408K, 0% used [0x00000000e0000000,0x00000000e0000000,0x00000000ecc80000)
  from space 24064K, 99% used [0x00000000ecc80000,0x00000000ee3fc118,0x00000000ee400000)
  to   space 28672K, 0% used [0x00000000f0300000,0x00000000f0300000,0x00000000f1f00000)
 ParOldGen       total 105472K, used 47539K [0x00000000a0000000, 0x00000000a6700000, 0x00000000e0000000)
  object space 105472K, 45% used [0x00000000a0000000,0x00000000a2e6cef8,0x00000000a6700000)
 Metaspace       used 78206K, capacity 80874K, committed 81280K, reserved 1120256K
  class space    used 9806K, capacity 10356K, committed 10368K, reserved 1048576K
}
Event: 89.959 GC heap before
{Heap before GC invocations=21 (full 3):
 PSYoungGen      total 233472K, used 233456K [0x00000000e0000000, 0x00000000f1f00000, 0x0000000100000000)
  eden space 209408K, 100% used [0x00000000e0000000,0x00000000ecc80000,0x00000000ecc80000)
  from space 24064K, 99% used [0x00000000ecc80000,0x00000000ee3fc118,0x00000000ee400000)
  to   space 28672K, 0% used [0x00000000f0300000,0x00000000f0300000,0x00000000f1f00000)
 ParOldGen       total 105472K, used 47539K [0x00000000a0000000, 0x00000000a6700000, 0x00000000e0000000)
  object space 105472K, 45% used [0x00000000a0000000,0x00000000a2e6cef8,0x00000000a6700000)
 Metaspace       used 80688K, capacity 83456K, committed 83840K, reserved 1122304K
  class space    used 10039K, capacity 10591K, committed 10624K, reserved 1048576K
Event: 90.206 GC heap after
Heap after GC invocations=21 (full 3):
 PSYoungGen      total 261632K, used 25693K [0x00000000e0000000, 0x00000000f2980000, 0x0000000100000000)
  eden space 232960K, 0% used [0x00000000e0000000,0x00000000e0000000,0x00000000ee380000)
  from space 28672K, 89% used [0x00000000f0300000,0x00000000f1c17728,0x00000000f1f00000)
  to   space 32256K, 0% used [0x00000000ee380000,0x00000000ee380000,0x00000000f0300000)
 ParOldGen       total 105472K, used 50691K [0x00000000a0000000, 0x00000000a6700000, 0x00000000e0000000)
  object space 105472K, 48% used [0x00000000a0000000,0x00000000a3180f58,0x00000000a6700000)
 Metaspace       used 80688K, capacity 83456K, committed 83840K, reserved 1122304K
  class space    used 10039K, capacity 10591K, committed 10624K, reserved 1048576K
}
Event: 181.775 GC heap before
{Heap before GC invocations=22 (full 3):
 PSYoungGen      total 261632K, used 258653K [0x00000000e0000000, 0x00000000f2980000, 0x0000000100000000)
  eden space 232960K, 100% used [0x00000000e0000000,0x00000000ee380000,0x00000000ee380000)
  from space 28672K, 89% used [0x00000000f0300000,0x00000000f1c17728,0x00000000f1f00000)
  to   space 32256K, 0% used [0x00000000ee380000,0x00000000ee380000,0x00000000f0300000)
 ParOldGen       total 105472K, used 50691K [0x00000000a0000000, 0x00000000a6700000, 0x00000000e0000000)
  object space 105472K, 48% used [0x00000000a0000000,0x00000000a3180f58,0x00000000a6700000)
 Metaspace       used 81905K, capacity 84706K, committed 85248K, reserved 1124352K
  class space    used 10132K, capacity 10688K, committed 10752K, reserved 1048576K

