# JRE version: OpenJDK Runtime Environment (8.0_112-b06) (build 1.8.0_112-release-b06)
# Java VM: OpenJDK 64-Bit Server VM (25.112-b06 mixed mode linux-amd64 compressed oops)
Heap:
 PSYoungGen      total 404992K, used 12638K [0x00000000e0000000, 0x00000000fb600000, 0x0000000100000000)
  eden space 361472K, 0% used [0x00000000e0000000,0x00000000e0000000,0x00000000f6100000)
  from space 43520K, 29% used [0x00000000f6100000,0x00000000f6d57998,0x00000000f8b80000)
  to   space 41472K, 0% used [0x00000000f8d80000,0x00000000f8d80000,0x00000000fb600000)
 ParOldGen       total 105984K, used 68669K [0x00000000a0000000, 0x00000000a6780000, 0x00000000e0000000)
  object space 105984K, 64% used [0x00000000a0000000,0x00000000a430f450,0x00000000a6780000)
 Metaspace       used 87355K, capacity 91774K, committed 92032K, reserved 1130496K
  class space    used 10628K, capacity 11320K, committed 11392K, reserved 1048576K
GC Heap History (10 events):
Event: 4044.566 GC heap after
Heap after GC invocations=29 (full 3):
 PSYoungGen      total 272384K, used 34576K [0x00000000e0000000, 0x00000000f3e00000, 0x0000000100000000)
  eden space 229376K, 0% used [0x00000000e0000000,0x00000000e0000000,0x00000000ee000000)
  from space 43008K, 80% used [0x00000000f0d00000,0x00000000f2ec4170,0x00000000f3700000)
  to   space 46080K, 0% used [0x00000000ee000000,0x00000000ee000000,0x00000000f0d00000)
 ParOldGen       total 105984K, used 53505K [0x00000000a0000000, 0x00000000a6780000, 0x00000000e0000000)
  object space 105984K, 50% used [0x00000000a0000000,0x00000000a3440658,0x00000000a6780000)
 Metaspace       used 86878K, capacity 91182K, committed 91520K, reserved 1130496K
  class space    used 10607K, capacity 11292K, committed 11392K, reserved 1048576K
}
Event: 4044.588 GC heap before
{Heap before GC invocations=30 (full 3):
 PSYoungGen      total 272384K, used 263940K [0x00000000e0000000, 0x00000000f3e00000, 0x0000000100000000)
  eden space 229376K, 99% used [0x00000000e0000000,0x00000000edffd198,0x00000000ee000000)
  from space 43008K, 80% used [0x00000000f0d00000,0x00000000f2ec4170,0x00000000f3700000)
  to   space 46080K, 0% used [0x00000000ee000000,0x00000000ee000000,0x00000000f0d00000)
 ParOldGen       total 105984K, used 53505K [0x00000000a0000000, 0x00000000a6780000, 0x00000000e0000000)
  object space 105984K, 50% used [0x00000000a0000000,0x00000000a3440658,0x00000000a6780000)
 Metaspace       used 86886K, capacity 91182K, committed 91520K, reserved 1130496K
  class space    used 10607K, capacity 11292K, committed 11392K, reserved 1048576K
Event: 4044.608 GC heap after
Heap after GC invocations=30 (full 3):
 PSYoungGen      total 275456K, used 26330K [0x00000000e0000000, 0x00000000f6f80000, 0x0000000100000000)
  eden space 229376K, 0% used [0x00000000e0000000,0x00000000e0000000,0x00000000ee000000)
  from space 46080K, 57% used [0x00000000ee000000,0x00000000ef9b68c0,0x00000000f0d00000)
  to   space 45568K, 0% used [0x00000000f4300000,0x00000000f4300000,0x00000000f6f80000)
 ParOldGen       total 105984K, used 53513K [0x00000000a0000000, 0x00000000a6780000, 0x00000000e0000000)
  object space 105984K, 50% used [0x00000000a0000000,0x00000000a3442658,0x00000000a6780000)
 Metaspace       used 86886K, capacity 91182K, committed 91520K, reserved 1130496K
  class space    used 10607K, capacity 11292K, committed 11392K, reserved 1048576K
}
Event: 4044.630 GC heap before
{Heap before GC invocations=31 (full 3):
 PSYoungGen      total 275456K, used 255199K [0x00000000e0000000, 0x00000000f6f80000, 0x0000000100000000)
  eden space 229376K, 99% used [0x00000000e0000000,0x00000000edf81418,0x00000000ee000000)
  from space 46080K, 57% used [0x00000000ee000000,0x00000000ef9b68c0,0x00000000f0d00000)
  to   space 45568K, 0% used [0x00000000f4300000,0x00000000f4300000,0x00000000f6f80000)
 ParOldGen       total 105984K, used 53513K [0x00000000a0000000, 0x00000000a6780000, 0x00000000e0000000)
  object space 105984K, 50% used [0x00000000a0000000,0x00000000a3442658,0x00000000a6780000)
 Metaspace       used 86886K, capacity 91182K, committed 91520K, reserved 1130496K
  class space    used 10607K, capacity 11292K, committed 11392K, reserved 1048576K
Event: 4044.660 GC heap after
Heap after GC invocations=31 (full 3):
 PSYoungGen      total 331776K, used 25274K [0x00000000e0000000, 0x00000000f7300000, 0x0000000100000000)
  eden space 286208K, 0% used [0x00000000e0000000,0x00000000e0000000,0x00000000f1780000)
  from space 45568K, 55% used [0x00000000f4300000,0x00000000f5bae8a0,0x00000000f6f80000)
  to   space 44544K, 0% used [0x00000000f1780000,0x00000000f1780000,0x00000000f4300000)
 ParOldGen       total 105984K, used 54317K [0x00000000a0000000, 0x00000000a6780000, 0x00000000e0000000)
  object space 105984K, 51% used [0x00000000a0000000,0x00000000a350b6d8,0x00000000a6780000)
 Metaspace       used 86886K, capacity 91182K, committed 91520K, reserved 1130496K
  class space    used 10607K, capacity 11292K, committed 11392K, reserved 1048576K
}
Event: 4044.691 GC heap before
{Heap before GC invocations=32 (full 3):
 PSYoungGen      total 331776K, used 310754K [0x00000000e0000000, 0x00000000f7300000, 0x0000000100000000)
  eden space 286208K, 99% used [0x00000000e0000000,0x00000000f16c9f78,0x00000000f1780000)
  from space 45568K, 55% used [0x00000000f4300000,0x00000000f5bae8a0,0x00000000f6f80000)
  to   space 44544K, 0% used [0x00000000f1780000,0x00000000f1780000,0x00000000f4300000)
 ParOldGen       total 105984K, used 54317K [0x00000000a0000000, 0x00000000a6780000, 0x00000000e0000000)
  object space 105984K, 51% used [0x00000000a0000000,0x00000000a350b6d8,0x00000000a6780000)
 Metaspace       used 86886K, capacity 91182K, committed 91520K, reserved 1130496K
  class space    used 10607K, capacity 11292K, committed 11392K, reserved 1048576K
Event: 4044.716 GC heap after
Heap after GC invocations=32 (full 3):
 PSYoungGen      total 330752K, used 18238K [0x00000000e0000000, 0x00000000fb780000, 0x0000000100000000)
  eden space 286208K, 0% used [0x00000000e0000000,0x00000000e0000000,0x00000000f1780000)
  from space 44544K, 40% used [0x00000000f1780000,0x00000000f294faf8,0x00000000f4300000)
  to   space 43008K, 0% used [0x00000000f8d80000,0x00000000f8d80000,0x00000000fb780000)
 ParOldGen       total 105984K, used 60829K [0x00000000a0000000, 0x00000000a6780000, 0x00000000e0000000)
  object space 105984K, 57% used [0x00000000a0000000,0x00000000a3b677d8,0x00000000a6780000)
 Metaspace       used 86886K, capacity 91182K, committed 91520K, reserved 1130496K
  class space    used 10607K, capacity 11292K, committed 11392K, reserved 1048576K
}
Event: 5068.951 GC heap before
{Heap before GC invocations=33 (full 3):
 PSYoungGen      total 330752K, used 304446K [0x00000000e0000000, 0x00000000fb780000, 0x0000000100000000)
  eden space 286208K, 100% used [0x00000000e0000000,0x00000000f1780000,0x00000000f1780000)
  from space 44544K, 40% used [0x00000000f1780000,0x00000000f294faf8,0x00000000f4300000)
  to   space 43008K, 0% used [0x00000000f8d80000,0x00000000f8d80000,0x00000000fb780000)
 ParOldGen       total 105984K, used 60829K [0x00000000a0000000, 0x00000000a6780000, 0x00000000e0000000)
  object space 105984K, 57% used [0x00000000a0000000,0x00000000a3b677d8,0x00000000a6780000)
 Metaspace       used 87175K, capacity 91540K, committed 91776K, reserved 1130496K
  class space    used 10624K, capacity 11313K, committed 11392K, reserved 1048576K
Event: 5069.403 GC heap after
Heap after GC invocations=33 (full 3):
 PSYoungGen      total 402944K, used 28713K [0x00000000e0000000, 0x00000000fb600000, 0x0000000100000000)
  eden space 361472K, 0% used [0x00000000e0000000,0x00000000e0000000,0x00000000f6100000)
  from space 41472K, 69% used [0x00000000f8d80000,0x00000000fa98a4e8,0x00000000fb600000)
  to   space 43520K, 0% used [0x00000000f6100000,0x00000000f6100000,0x00000000f8b80000)
 ParOldGen       total 105984K, used 62230K [0x00000000a0000000, 0x00000000a6780000, 0x00000000e0000000)
  object space 105984K, 58% used [0x00000000a0000000,0x00000000a3cc5810,0x00000000a6780000)
 Metaspace       used 87175K, capacity 91540K, committed 91776K, reserved 1130496K
  class space    used 10624K, capacity 11313K, committed 11392K, reserved 1048576K
}
Event: 5072.351 GC heap before
{Heap before GC invocations=34 (full 3):
 PSYoungGen      total 402944K, used 388340K [0x00000000e0000000, 0x00000000fb600000, 0x0000000100000000)
  eden space 361472K, 99% used [0x00000000e0000000,0x00000000f5f32bf0,0x00000000f6100000)
  from space 41472K, 69% used [0x00000000f8d80000,0x00000000fa98a4e8,0x00000000fb600000)
  to   space 43520K, 0% used [0x00000000f6100000,0x00000000f6100000,0x00000000f8b80000)
 ParOldGen       total 105984K, used 62230K [0x00000000a0000000, 0x00000000a6780000, 0x00000000e0000000)
  object space 105984K, 58% used [0x00000000a0000000,0x00000000a3cc5810,0x00000000a6780000)
 Metaspace       used 87355K, capacity 91774K, committed 92032K, reserved 1130496K
  class space    used 10628K, capacity 11320K, committed 11392K, reserved 1048576K

